#
# A fatal error has been detected by the Java Runtime Environment:
#
#  EXCEPTION_ACCESS_VIOLATION (0xc0000005) at pc=0x00007ffbee3fdd76, pid=19856, tid=2820
#
# JRE version: Java(TM) SE Runtime Environment (17.0.9+11) (build 17.0.9+11-LTS-201)
# Java VM: Java HotSpot(TM) 64-Bit Server VM (17.0.9+11-LTS-201, mixed mode, sharing, tiered, compressed oops, compressed class ptrs, g1 gc, windows-amd64)
# Problematic frame:
# V  [jvm.dll+0x32dd76]
#
# No core dump will be written. Minidumps are not enabled by default on client versions of Windows
#
# If you would like to submit a bug report, please visit:
#   https://bugreport.java.com/bugreport/crash.jsp
#

---------------  S U M M A R Y ------------

Command Line: -Dorg.gradle.internal.worker.tmpdir=C:\JavaLearning\learnProjects\task-track\build\tmp\test\work -Xmx512m -Dfile.encoding=UTF-8 -Duser.country=US -Duser.language=en -Duser.variant -ea worker.org.gradle.process.internal.worker.GradleWorkerMain 'Gradle Test Executor 3'

Host: Intel(R) Core(TM) i5-10300H CPU @ 2.50GHz, 8 cores, 7G,  Windows 11 , 64 bit Build 26100 (10.0.26100.3912)
Time: Tue May 27 10:46:44 2025 FLE Daylight Time elapsed time: 17.852218 seconds (0d 0h 0m 17s)

---------------  T H R E A D  ---------------

Current thread (0x0000028da631c3f0):  JavaThread "C2 CompilerThread2" daemon [_thread_in_native, id=2820, stack(0x000000d4fae00000,0x000000d4faf00000)]


Current CompileTask:
C2:  17852 8112   !   4       java.lang.reflect.Field::declaredAnnotations (82 bytes)

Stack: [0x000000d4fae00000,0x000000d4faf00000],  sp=0x000000d4faefbbc0,  free space=1006k
Native frames: (J=compiled Java code, j=interpreted, Vv=VM code, C=native code)
V  [jvm.dll+0x32dd76]
V  [jvm.dll+0x32ef56]
C  0x0000028da6851470


siginfo: EXCEPTION_ACCESS_VIOLATION (0xc0000005), reading address 0x0000028dc97a5d10


Register to memory mapping:

RIP=0x00007ffbee3fdd76 jvm.dll
RAX=0x0000028dafe0c378 points into unknown readable memory: 0x00007ffbee992c30 | 30 2c 99 ee fb 7f 00 00
RBX=0x0000000006666666 is an unknown value
RCX=0x000000d4faefbc20 is pointing into the stack for thread: 0x0000028da631c3f0
RDX=0x0000028dc97a5d10 is an unknown value
RSP=0x000000d4faefbbc0 is pointing into the stack for thread: 0x0000028da631c3f0
RBP=0x0000028da96a5010 points into unknown readable memory: 0x0000028da6851470 | 70 14 85 a6 8d 02 00 00
RSI=0x000000000000000c is an unknown value
RDI=0x000000000000c4b8 is an unknown value
R8 =0x00007ffbee9306d8 jvm.dll
R9 =0x0000028da70315a8 points into unknown readable memory: 0x0000028daa0edc20 | 20 dc 0e aa 8d 02 00 00
R10=0x0000028da70315b0 points into unknown readable memory: 0x0000028da774e988 | 88 e9 74 a7 8d 02 00 00
R11=0x0 is NULL
R12=0x00007ffbee2ca100 jvm.dll
R13=0x000000d4faefc190 is pointing into the stack for thread: 0x0000028da631c3f0
R14=0x00007ffbee2ca160 jvm.dll
R15=0x000000d4faefbc20 is pointing into the stack for thread: 0x0000028da631c3f0


Registers:
RAX=0x0000028dafe0c378, RBX=0x0000000006666666, RCX=0x000000d4faefbc20, RDX=0x0000028dc97a5d10
RSP=0x000000d4faefbbc0, RBP=0x0000028da96a5010, RSI=0x000000000000000c, RDI=0x000000000000c4b8
R8 =0x00007ffbee9306d8, R9 =0x0000028da70315a8, R10=0x0000028da70315b0, R11=0x0000000000000000
R12=0x00007ffbee2ca100, R13=0x000000d4faefc190, R14=0x00007ffbee2ca160, R15=0x000000d4faefbc20
RIP=0x00007ffbee3fdd76, EFLAGS=0x0000000000010206

Top of Stack: (sp=0x000000d4faefbbc0)
0x000000d4faefbbc0:   0000028dafe0c378 0000028da9c2b1c0
0x000000d4faefbbd0:   0000000000000000 0000000000000000
0x000000d4faefbbe0:   0000028da774e988 0000028da774ea38
0x000000d4faefbbf0:   0000028da774ea30 00007ffbee3fef56
0x000000d4faefbc00:   0000000000000008 000000d4faefc190
0x000000d4faefbc10:   0000028da774e8e0 0000028da9c2b1c0
0x000000d4faefbc20:   0000028da96a5010 0000028da774e988
0x000000d4faefbc30:   000000d4faefc190 0000028da774e988
0x000000d4faefbc40:   0000028da774ea01 00007ffbee3fef4c
0x000000d4faefbc50:   000000d4faefc190 0000028da9c2b1c0
0x000000d4faefbc60:   0000028da774ea38 0000028da6851470
0x000000d4faefbc70:   000000d4faefbd58 000000d4faefbd38
0x000000d4faefbc80:   000000d4faefc190 0000028da8a114f0
0x000000d4faefbc90:   0000000000000000 0000028da4aab7b8
0x000000d4faefbca0:   000000d4faefc190 0000000000002039
0x000000d4faefbcb0:   000000d4faefbdc0 00007ffbee3fc80a 

Instructions: (pc=0x00007ffbee3fdd76)
0x00007ffbee3fdc76:   8b 72 10 8b 42 20 4c 8d 3c c6 49 3b f7 73 2a 66
0x00007ffbee3fdc86:   66 66 0f 1f 84 00 00 00 00 00 4c 8b 0e 4c 8b c5
0x00007ffbee3fdc96:   48 8b d3 49 8b ce e8 7f fe ff ff 3b f8 0f 42 f8
0x00007ffbee3fdca6:   48 83 c6 08 49 3b f7 72 e1 44 8b c7 48 8b d3 49
0x00007ffbee3fdcb6:   8b ce 48 8b 5c 24 40 48 8b 6c 24 48 48 8b 74 24
0x00007ffbee3fdcc6:   50 48 83 c4 20 41 5f 41 5e 5f e9 0b 18 00 00 cc
0x00007ffbee3fdcd6:   cc cc cc cc cc cc cc cc cc cc 41 57 48 83 ec 30
0x00007ffbee3fdce6:   48 8b 51 08 4c 8b f9 4c 8b 02 49 8b c0 48 2b 42
0x00007ffbee3fdcf6:   10 48 83 c0 10 48 c1 e8 04 85 c0 75 09 33 c0 48
0x00007ffbee3fdd06:   83 c4 30 41 5f c3 48 89 5c 24 40 49 8d 40 f0 48
0x00007ffbee3fdd16:   89 6c 24 48 48 89 74 24 50 48 89 7c 24 58 4c 89
0x00007ffbee3fdd26:   64 24 28 4d 8b 20 4c 89 74 24 20 4d 8b f4 49 83
0x00007ffbee3fdd36:   e6 fe 41 80 e4 01 41 8b 7e 20 41 39 78 08 41 0f
0x00007ffbee3fdd46:   42 78 08 48 89 02 0f 1f 40 00 41 8b 76 28 8b de
0x00007ffbee3fdd56:   49 8b 2f c1 eb 05 3b 5d 00 72 0a 8b d3 48 8b cd
0x00007ffbee3fdd66:   e8 05 56 49 00 48 8b 45 08 83 e6 1f 48 8d 14 98
0x00007ffbee3fdd76:   8b 04 98 0f ab f0 89 02 41 8b 46 2c 24 0f 3c 08
0x00007ffbee3fdd86:   75 09 49 8b 46 08 48 8b 08 eb 03 49 8b ce 49 8b
0x00007ffbee3fdd96:   47 10 33 f6 8b 51 28 48 8b 48 78 48 8b 04 d1 8b
0x00007ffbee3fdda6:   68 68 85 ff 0f 84 b2 00 00 00 49 8b 5e 10 ff cf
0x00007ffbee3fddb6:   4d 8b 07 48 8b 1c fb 8b 4b 28 8b c1 c1 e8 05 41
0x00007ffbee3fddc6:   3b 00 73 11 8b d0 83 e1 1f 49 8b 40 08 8b 04 90
0x00007ffbee3fddd6:   0f a3 c8 72 47 8b 43 2c 24 0f 3c 08 75 09 48 8b
0x00007ffbee3fdde6:   43 08 4c 8b 00 eb 03 4c 8b c3 49 8b 47 10 41 8b
0x00007ffbee3fddf6:   50 28 48 8b 48 78 48 8b 04 d1 39 68 68 72 1d 75
0x00007ffbee3fde06:   0b 41 8b 40 2c 83 e0 0f 3c 0c 74 10 48 8b cb 48
0x00007ffbee3fde16:   8b f3 e8 a3 a5 32 00 41 3a c4 74 04 85 ff 75 8a
0x00007ffbee3fde26:   48 85 f6 74 37 49 8b 5f 08 48 83 03 10 48 8b 03
0x00007ffbee3fde36:   48 3b 43 08 72 08 48 8b cb e8 3c 96 32 00 48 8b
0x00007ffbee3fde46:   0b 41 0f b6 c4 49 0b c6 4c 8b f6 45 32 e4 48 89
0x00007ffbee3fde56:   01 89 79 08 8b 7e 20 e9 ee fe ff ff 45 84 e4 75
0x00007ffbee3fde66:   0c 41 8b 7e 20 41 b4 01 e9 dd fe ff ff 4c 8b 64 


Stack slot to memory mapping:
stack at sp + 0 slots: 0x0000028dafe0c378 points into unknown readable memory: 0x00007ffbee992c30 | 30 2c 99 ee fb 7f 00 00
stack at sp + 1 slots: 0x0000028da9c2b1c0 points into unknown readable memory: 0x00007ffbee992c30 | 30 2c 99 ee fb 7f 00 00
stack at sp + 2 slots: 0x0 is NULL
stack at sp + 3 slots: 0x0 is NULL
stack at sp + 4 slots: 0x0000028da774e988 points into unknown readable memory: 0x00007ffbee9306c8 | c8 06 93 ee fb 7f 00 00
stack at sp + 5 slots: 0x0000028da774ea38 points into unknown readable memory: 0xffffffffffffffff | ff ff ff ff ff ff ff ff
stack at sp + 6 slots: 0x0000028da774ea30 points into unknown readable memory: 0x0000028da6827208 | 08 72 82 a6 8d 02 00 00
stack at sp + 7 slots: 0x00007ffbee3fef56 jvm.dll


---------------  P R O C E S S  ---------------

Threads class SMR info:
_java_thread_list=0x0000028da4a09a40, length=52, elements={
0x0000028d42e0e7d0, 0x0000028d5d6a00a0, 0x0000028d5d6a1b80, 0x0000028d5d6b9980,
0x0000028d5d6bc260, 0x0000028d5d6bcb30, 0x0000028d5d6bd400, 0x0000028d5d6be0b0,
0x0000028d5d6bf9d0, 0x0000028d5d6c82f0, 0x0000028d5da52c40, 0x0000028d5d8f9720,
0x0000028da369ad70, 0x0000028da37c5450, 0x0000028da37c5930, 0x0000028da39ced50,
0x0000028da4e39410, 0x0000028da4e389f0, 0x0000028da4e38f00, 0x0000028da4e375b0,
0x0000028da4e39920, 0x0000028da4e3a850, 0x0000028da4e37fd0, 0x0000028da4e384e0,
0x0000028da4bc37e0, 0x0000028da4bc32d0, 0x0000028da4bc0f60, 0x0000028da39b0ec0,
0x0000028da4bc1e90, 0x0000028da4bc1980, 0x0000028da631c3f0, 0x0000028da4bc4710,
0x0000028da4bc74a0, 0x0000028da4bc4c20, 0x0000028da4bc4200, 0x0000028da4bc0a50,
0x0000028da4bc6f90, 0x0000028da4bc6060, 0x0000028da4bc5640, 0x0000028da4bc79b0,
0x0000028da4e39e30, 0x0000028da4e3a340, 0x0000028da4e3ad60, 0x0000028da4e37ac0,
0x0000028da9642e50, 0x0000028da9643d80, 0x0000028da9643360, 0x0000028da9642430,
0x0000028da9641500, 0x0000028da9641f20, 0x0000028da9642940, 0x0000028da9643870
}

Java Threads: ( => current thread )
  0x0000028d42e0e7d0 JavaThread "Test worker" [_thread_in_native, id=17412, stack(0x000000d4f8000000,0x000000d4f8100000)]
  0x0000028d5d6a00a0 JavaThread "Reference Handler" daemon [_thread_blocked, id=15600, stack(0x000000d4f8700000,0x000000d4f8800000)]
  0x0000028d5d6a1b80 JavaThread "Finalizer" daemon [_thread_blocked, id=19548, stack(0x000000d4f8800000,0x000000d4f8900000)]
  0x0000028d5d6b9980 JavaThread "Signal Dispatcher" daemon [_thread_blocked, id=19052, stack(0x000000d4f8900000,0x000000d4f8a00000)]
  0x0000028d5d6bc260 JavaThread "Attach Listener" daemon [_thread_blocked, id=9224, stack(0x000000d4f8a00000,0x000000d4f8b00000)]
  0x0000028d5d6bcb30 JavaThread "Service Thread" daemon [_thread_blocked, id=17212, stack(0x000000d4f8b00000,0x000000d4f8c00000)]
  0x0000028d5d6bd400 JavaThread "Monitor Deflation Thread" daemon [_thread_blocked, id=8596, stack(0x000000d4f8c00000,0x000000d4f8d00000)]
  0x0000028d5d6be0b0 JavaThread "C2 CompilerThread0" daemon [_thread_blocked, id=19760, stack(0x000000d4f8d00000,0x000000d4f8e00000)]
  0x0000028d5d6bf9d0 JavaThread "C1 CompilerThread0" daemon [_thread_blocked, id=2648, stack(0x000000d4f8e00000,0x000000d4f8f00000)]
  0x0000028d5d6c82f0 JavaThread "Sweeper thread" daemon [_thread_blocked, id=10732, stack(0x000000d4f8f00000,0x000000d4f9000000)]
  0x0000028d5da52c40 JavaThread "Notification Thread" daemon [_thread_blocked, id=18816, stack(0x000000d4f9000000,0x000000d4f9100000)]
  0x0000028d5d8f9720 JavaThread "Common-Cleaner" daemon [_thread_blocked, id=18592, stack(0x000000d4f9200000,0x000000d4f9300000)]
  0x0000028da369ad70 JavaThread "/127.0.0.1:51225 to /127.0.0.1:51224 workers" [_thread_blocked, id=2724, stack(0x000000d4f9500000,0x000000d4f9600000)]
  0x0000028da37c5450 JavaThread "/127.0.0.1:51225 to /127.0.0.1:51224 workers Thread 2" [_thread_blocked, id=4792, stack(0x000000d4f9600000,0x000000d4f9700000)]
  0x0000028da37c5930 JavaThread "/127.0.0.1:51225 to /127.0.0.1:51224 workers Thread 3" [_thread_in_native, id=2488, stack(0x000000d4f9700000,0x000000d4f9800000)]
  0x0000028da39ced50 JavaThread "Thread-3" daemon [_thread_in_native, id=15104, stack(0x000000d4fa100000,0x000000d4fa200000)]
  0x0000028da4e39410 JavaThread "Thread-4" daemon [_thread_in_native, id=18524, stack(0x000000d4fa200000,0x000000d4fa300000)]
  0x0000028da4e389f0 JavaThread "Thread-5" daemon [_thread_in_native, id=2992, stack(0x000000d4fa300000,0x000000d4fa400000)]
  0x0000028da4e38f00 JavaThread "Thread-6" daemon [_thread_in_native, id=20456, stack(0x000000d4fa400000,0x000000d4fa500000)]
  0x0000028da4e375b0 JavaThread "Thread-7" daemon [_thread_in_native, id=14776, stack(0x000000d4fa500000,0x000000d4fa600000)]
  0x0000028da4e39920 JavaThread "Thread-8" daemon [_thread_in_native, id=14008, stack(0x000000d4fa600000,0x000000d4fa700000)]
  0x0000028da4e3a850 JavaThread "Thread-9" daemon [_thread_in_native, id=6716, stack(0x000000d4fa700000,0x000000d4fa800000)]
  0x0000028da4e37fd0 JavaThread "Thread-10" daemon [_thread_in_native, id=14568, stack(0x000000d4fa800000,0x000000d4fa900000)]
  0x0000028da4e384e0 JavaThread "Thread-11" daemon [_thread_in_native, id=6428, stack(0x000000d4fa900000,0x000000d4faa00000)]
  0x0000028da4bc37e0 JavaThread "Thread-15" daemon [_thread_blocked, id=18508, stack(0x000000d4fac00000,0x000000d4fad00000)]
  0x0000028da4bc32d0 JavaThread "testcontainers-ryuk" daemon [_thread_blocked, id=19076, stack(0x000000d4fab00000,0x000000d4fac00000)]
  0x0000028da4bc0f60 JavaThread "Thread-16" daemon [_thread_blocked, id=11424, stack(0x000000d4fad00000,0x000000d4fae00000)]
  0x0000028da39b0ec0 JavaThread "C2 CompilerThread1" daemon [_thread_blocked, id=4248, stack(0x000000d4faa00000,0x000000d4fab00000)]
  0x0000028da4bc1e90 JavaThread "PostgreSQL-JDBC-Cleaner" daemon [_thread_blocked, id=15444, stack(0x000000d4faf00000,0x000000d4fb000000)]
  0x0000028da4bc1980 JavaThread "HikariPool-1 housekeeper" daemon [_thread_blocked, id=19024, stack(0x000000d4fb000000,0x000000d4fb100000)]
=>0x0000028da631c3f0 JavaThread "C2 CompilerThread2" daemon [_thread_in_native, id=2820, stack(0x000000d4fae00000,0x000000d4faf00000)]
  0x0000028da4bc4710 JavaThread "Catalina-utility-1" [_thread_blocked, id=7380, stack(0x000000d4fb200000,0x000000d4fb300000)]
  0x0000028da4bc74a0 JavaThread "Catalina-utility-2" [_thread_blocked, id=19780, stack(0x000000d4fb300000,0x000000d4fb400000)]
  0x0000028da4bc4c20 JavaThread "container-0" [_thread_blocked, id=7988, stack(0x000000d4fb400000,0x000000d4fb500000)]
  0x0000028da4bc4200 JavaThread "HttpClient-1-SelectorManager" daemon [_thread_in_native, id=17952, stack(0x000000d4fb500000,0x000000d4fb600000)]
  0x0000028da4bc0a50 JavaThread "HttpClient-2-SelectorManager" daemon [_thread_in_native, id=9848, stack(0x000000d4fb600000,0x000000d4fb700000)]
  0x0000028da4bc6f90 JavaThread "http-nio-auto-1-exec-1" daemon [_thread_blocked, id=7820, stack(0x000000d4fb700000,0x000000d4fb800000)]
  0x0000028da4bc6060 JavaThread "http-nio-auto-1-exec-2" daemon [_thread_blocked, id=2916, stack(0x000000d4fb800000,0x000000d4fb900000)]
  0x0000028da4bc5640 JavaThread "http-nio-auto-1-exec-3" daemon [_thread_blocked, id=11128, stack(0x000000d4fb900000,0x000000d4fba00000)]
  0x0000028da4bc79b0 JavaThread "http-nio-auto-1-exec-4" daemon [_thread_blocked, id=18052, stack(0x000000d4fba00000,0x000000d4fbb00000)]
  0x0000028da4e39e30 JavaThread "http-nio-auto-1-exec-5" daemon [_thread_blocked, id=1924, stack(0x000000d4fbb00000,0x000000d4fbc00000)]
  0x0000028da4e3a340 JavaThread "http-nio-auto-1-exec-6" daemon [_thread_blocked, id=20064, stack(0x000000d4fbc00000,0x000000d4fbd00000)]
  0x0000028da4e3ad60 JavaThread "http-nio-auto-1-exec-7" daemon [_thread_blocked, id=12904, stack(0x000000d4fbd00000,0x000000d4fbe00000)]
  0x0000028da4e37ac0 JavaThread "http-nio-auto-1-exec-8" daemon [_thread_blocked, id=17604, stack(0x000000d4fbe00000,0x000000d4fbf00000)]
  0x0000028da9642e50 JavaThread "http-nio-auto-1-exec-9" daemon [_thread_blocked, id=4236, stack(0x000000d4fbf00000,0x000000d4fc000000)]
  0x0000028da9643d80 JavaThread "http-nio-auto-1-exec-10" daemon [_thread_blocked, id=19680, stack(0x000000d4fc000000,0x000000d4fc100000)]
  0x0000028da9643360 JavaThread "http-nio-auto-1-Poller" daemon [_thread_in_native, id=2340, stack(0x000000d4fc100000,0x000000d4fc200000)]
  0x0000028da9642430 JavaThread "http-nio-auto-1-Acceptor" daemon [_thread_in_native, id=9596, stack(0x000000d4fc200000,0x000000d4fc300000)]
  0x0000028da9641500 JavaThread "HttpClient-2-Worker-0" daemon [_thread_blocked, id=14664, stack(0x000000d4fc300000,0x000000d4fc400000)]
  0x0000028da9641f20 JavaThread "HttpClient-2-Worker-1" daemon [_thread_blocked, id=18700, stack(0x000000d4fc400000,0x000000d4fc500000)]
  0x0000028da9642940 JavaThread "HttpClient-2-Worker-2" daemon [_thread_blocked, id=19900, stack(0x000000d4fc500000,0x000000d4fc600000)]
  0x0000028da9643870 JavaThread "ForkJoinPool.commonPool-worker-1" daemon [_thread_blocked, id=1996, stack(0x000000d4fb100000,0x000000d4fb200000)]

Other Threads:
  0x0000028d5d69b2b0 VMThread "VM Thread" [stack: 0x000000d4f8600000,0x000000d4f8700000] [id=12828]
  0x0000028d42e4b160 WatcherThread [stack: 0x000000d4f9100000,0x000000d4f9200000] [id=19324]
  0x0000028d42e3c5d0 GCTaskThread "GC Thread#0" [stack: 0x000000d4f8100000,0x000000d4f8200000] [id=18012]
  0x0000028d5da63170 GCTaskThread "GC Thread#1" [stack: 0x000000d4f9800000,0x000000d4f9900000] [id=10464]
  0x0000028da3ebea10 GCTaskThread "GC Thread#2" [stack: 0x000000d4f9900000,0x000000d4f9a00000] [id=17596]
  0x0000028da3ebecd0 GCTaskThread "GC Thread#3" [stack: 0x000000d4f9a00000,0x000000d4f9b00000] [id=7724]
  0x0000028da3ebef90 GCTaskThread "GC Thread#4" [stack: 0x000000d4f9b00000,0x000000d4f9c00000] [id=12064]
  0x0000028da38e3bd0 GCTaskThread "GC Thread#5" [stack: 0x000000d4f9c00000,0x000000d4f9d00000] [id=14116]
  0x0000028da38e3e90 GCTaskThread "GC Thread#6" [stack: 0x000000d4f9d00000,0x000000d4f9e00000] [id=9312]
  0x0000028da38e4150 GCTaskThread "GC Thread#7" [stack: 0x000000d4f9e00000,0x000000d4f9f00000] [id=7064]
  0x0000028d42e43450 ConcurrentGCThread "G1 Main Marker" [stack: 0x000000d4f8200000,0x000000d4f8300000] [id=16336]
  0x0000028d42e44a40 ConcurrentGCThread "G1 Conc#0" [stack: 0x000000d4f8300000,0x000000d4f8400000] [id=10848]
  0x0000028da54e3950 ConcurrentGCThread "G1 Conc#1" [stack: 0x000000d4f9300000,0x000000d4f9400000] [id=14480]
  0x0000028d5d560090 ConcurrentGCThread "G1 Refine#0" [stack: 0x000000d4f8400000,0x000000d4f8500000] [id=2312]
  0x0000028da3c151f0 ConcurrentGCThread "G1 Refine#1" [stack: 0x000000d4f9f00000,0x000000d4fa000000] [id=19904]
  0x0000028da3a66770 ConcurrentGCThread "G1 Refine#2" [stack: 0x000000d4fa000000,0x000000d4fa100000] [id=9080]
  0x0000028d5d561880 ConcurrentGCThread "G1 Service" [stack: 0x000000d4f8500000,0x000000d4f8600000] [id=4368]

Threads with active compile tasks:
C2 CompilerThread2    17889 8112   !   4       java.lang.reflect.Field::declaredAnnotations (82 bytes)

VM state: not at safepoint (normal execution)

VM Mutex/Monitor currently owned by a thread: None

Heap address: 0x00000000e0000000, size: 512 MB, Compressed Oops mode: 32-bit

CDS archive(s) mapped at: [0x0000028d5e000000-0x0000028d5ebd0000-0x0000028d5ebd0000), size 12386304, SharedBaseAddress: 0x0000028d5e000000, ArchiveRelocationMode: 1.
Compressed class space mapped at: 0x0000028d5f000000-0x0000028d9f000000, reserved size: 1073741824
Narrow klass base: 0x0000028d5e000000, Narrow klass shift: 0, Narrow klass range: 0x100000000

GC Precious Log:
 CPUs: 8 total, 8 available
 Memory: 8029M
 Large Page Support: Disabled
 NUMA Support: Disabled
 Compressed Oops: Enabled (32-bit)
 Heap Region Size: 1M
 Heap Min Capacity: 8M
 Heap Initial Capacity: 126M
 Heap Max Capacity: 512M
 Pre-touch: Disabled
 Parallel Workers: 8
 Concurrent Workers: 2
 Concurrent Refinement Workers: 8
 Periodic GC: Disabled

Heap:
 garbage-first heap   total 89088K, used 60911K [0x00000000e0000000, 0x0000000100000000)
  region size 1024K, 13 young (13312K), 2 survivors (2048K)
 Metaspace       used 103861K, committed 104512K, reserved 1179648K
  class space    used 14663K, committed 14976K, reserved 1048576K

Heap Regions: E=young(eden), S=young(survivor), O=old, HS=humongous(starts), HC=humongous(continues), CS=collection set, F=free, OA=open archive, CA=closed archive, TAMS=top-at-mark-start (previous, next)
|   0|0x00000000e0000000, 0x00000000e0100000, 0x00000000e0100000|100%|HS|  |TAMS 0x00000000e0100000, 0x00000000e0000000| Complete 
|   1|0x00000000e0100000, 0x00000000e0200000, 0x00000000e0200000|100%|HC|  |TAMS 0x00000000e0200000, 0x00000000e0100000| Complete 
|   2|0x00000000e0200000, 0x00000000e0300000, 0x00000000e0300000|100%|HS|  |TAMS 0x00000000e0300000, 0x00000000e0200000| Complete 
|   3|0x00000000e0300000, 0x00000000e0400000, 0x00000000e0400000|100%|HS|  |TAMS 0x00000000e0400000, 0x00000000e0300000| Complete 
|   4|0x00000000e0400000, 0x00000000e0500000, 0x00000000e0500000|100%| O|  |TAMS 0x00000000e0500000, 0x00000000e0400000| Untracked 
|   5|0x00000000e0500000, 0x00000000e0600000, 0x00000000e0600000|100%| O|  |TAMS 0x00000000e0600000, 0x00000000e0500000| Untracked 
|   6|0x00000000e0600000, 0x00000000e0700000, 0x00000000e0700000|100%| O|  |TAMS 0x00000000e0700000, 0x00000000e0600000| Untracked 
|   7|0x00000000e0700000, 0x00000000e0800000, 0x00000000e0800000|100%| O|  |TAMS 0x00000000e0800000, 0x00000000e0700000| Untracked 
|   8|0x00000000e0800000, 0x00000000e0900000, 0x00000000e0900000|100%| O|  |TAMS 0x00000000e0900000, 0x00000000e0800000| Untracked 
|   9|0x00000000e0900000, 0x00000000e0a00000, 0x00000000e0a00000|100%| O|  |TAMS 0x00000000e0a00000, 0x00000000e0900000| Untracked 
|  10|0x00000000e0a00000, 0x00000000e0b00000, 0x00000000e0b00000|100%| O|  |TAMS 0x00000000e0b00000, 0x00000000e0a00000| Untracked 
|  11|0x00000000e0b00000, 0x00000000e0c00000, 0x00000000e0c00000|100%| O|  |TAMS 0x00000000e0c00000, 0x00000000e0b00000| Untracked 
|  12|0x00000000e0c00000, 0x00000000e0d00000, 0x00000000e0d00000|100%| O|  |TAMS 0x00000000e0d00000, 0x00000000e0c00000| Complete 
|  13|0x00000000e0d00000, 0x00000000e0e00000, 0x00000000e0e00000|100%| O|  |TAMS 0x00000000e0e00000, 0x00000000e0d00000| Untracked 
|  14|0x00000000e0e00000, 0x00000000e0f00000, 0x00000000e0f00000|100%| O|  |TAMS 0x00000000e0f00000, 0x00000000e0e00000| Untracked 
|  15|0x00000000e0f00000, 0x00000000e1000000, 0x00000000e1000000|100%| O|  |TAMS 0x00000000e1000000, 0x00000000e0f00000| Untracked 
|  16|0x00000000e1000000, 0x00000000e1100000, 0x00000000e1100000|100%| O|  |TAMS 0x00000000e1100000, 0x00000000e1000000| Untracked 
|  17|0x00000000e1100000, 0x00000000e1200000, 0x00000000e1200000|100%| O|  |TAMS 0x00000000e1200000, 0x00000000e1100000| Untracked 
|  18|0x00000000e1200000, 0x00000000e1300000, 0x00000000e1300000|100%| O|  |TAMS 0x00000000e1300000, 0x00000000e1200000| Untracked 
|  19|0x00000000e1300000, 0x00000000e1400000, 0x00000000e1400000|100%| O|  |TAMS 0x00000000e1400000, 0x00000000e1300000| Untracked 
|  20|0x00000000e1400000, 0x00000000e1500000, 0x00000000e1500000|100%| O|  |TAMS 0x00000000e1500000, 0x00000000e1400000| Untracked 
|  21|0x00000000e1500000, 0x00000000e1600000, 0x00000000e1600000|100%| O|  |TAMS 0x00000000e1600000, 0x00000000e1500000| Untracked 
|  22|0x00000000e1600000, 0x00000000e1700000, 0x00000000e1700000|100%| O|  |TAMS 0x00000000e1700000, 0x00000000e1600000| Untracked 
|  23|0x00000000e1700000, 0x00000000e1800000, 0x00000000e1800000|100%| O|  |TAMS 0x00000000e1800000, 0x00000000e1700000| Untracked 
|  24|0x00000000e1800000, 0x00000000e1900000, 0x00000000e1900000|100%| O|  |TAMS 0x00000000e1900000, 0x00000000e1800000| Untracked 
|  25|0x00000000e1900000, 0x00000000e1a00000, 0x00000000e1a00000|100%| O|  |TAMS 0x00000000e1a00000, 0x00000000e1900000| Untracked 
|  26|0x00000000e1a00000, 0x00000000e1b00000, 0x00000000e1b00000|100%| O|  |TAMS 0x00000000e1b00000, 0x00000000e1a00000| Untracked 
|  27|0x00000000e1b00000, 0x00000000e1c00000, 0x00000000e1c00000|100%| O|  |TAMS 0x00000000e1c00000, 0x00000000e1b00000| Untracked 
|  28|0x00000000e1c00000, 0x00000000e1d00000, 0x00000000e1d00000|100%| O|  |TAMS 0x00000000e1d00000, 0x00000000e1c00000| Untracked 
|  29|0x00000000e1d00000, 0x00000000e1e00000, 0x00000000e1e00000|100%| O|  |TAMS 0x00000000e1e00000, 0x00000000e1d00000| Untracked 
|  30|0x00000000e1e00000, 0x00000000e1f00000, 0x00000000e1f00000|100%| O|  |TAMS 0x00000000e1f00000, 0x00000000e1e00000| Untracked 
|  31|0x00000000e1f00000, 0x00000000e2000000, 0x00000000e2000000|100%| O|  |TAMS 0x00000000e2000000, 0x00000000e1f00000| Untracked 
|  32|0x00000000e2000000, 0x00000000e2100000, 0x00000000e2100000|100%| O|  |TAMS 0x00000000e2100000, 0x00000000e2000000| Untracked 
|  33|0x00000000e2100000, 0x00000000e2200000, 0x00000000e2200000|100%| O|  |TAMS 0x00000000e2200000, 0x00000000e2100000| Untracked 
|  34|0x00000000e2200000, 0x00000000e2300000, 0x00000000e2300000|100%| O|  |TAMS 0x00000000e2300000, 0x00000000e2200000| Untracked 
|  35|0x00000000e2300000, 0x00000000e2400000, 0x00000000e2400000|100%| O|  |TAMS 0x00000000e2400000, 0x00000000e2300000| Untracked 
|  36|0x00000000e2400000, 0x00000000e2500000, 0x00000000e2500000|100%| O|  |TAMS 0x00000000e2500000, 0x00000000e2400000| Untracked 
|  37|0x00000000e2500000, 0x00000000e2600000, 0x00000000e2600000|100%| O|  |TAMS 0x00000000e2600000, 0x00000000e2500000| Untracked 
|  38|0x00000000e2600000, 0x00000000e2700000, 0x00000000e2700000|100%| O|  |TAMS 0x00000000e2700000, 0x00000000e2600000| Untracked 
|  39|0x00000000e2700000, 0x00000000e2800000, 0x00000000e2800000|100%| O|  |TAMS 0x00000000e2800000, 0x00000000e2700000| Untracked 
|  40|0x00000000e2800000, 0x00000000e2900000, 0x00000000e2900000|100%| O|  |TAMS 0x00000000e2900000, 0x00000000e2800000| Untracked 
|  41|0x00000000e2900000, 0x00000000e2a00000, 0x00000000e2a00000|100%| O|  |TAMS 0x00000000e2a00000, 0x00000000e2900000| Untracked 
|  42|0x00000000e2a00000, 0x00000000e2b00000, 0x00000000e2b00000|100%| O|  |TAMS 0x00000000e2b00000, 0x00000000e2a00000| Untracked 
|  43|0x00000000e2b00000, 0x00000000e2c00000, 0x00000000e2c00000|100%| O|  |TAMS 0x00000000e2bf9c00, 0x00000000e2b00000| Untracked 
|  44|0x00000000e2c00000, 0x00000000e2d00000, 0x00000000e2d00000|100%| O|  |TAMS 0x00000000e2c00000, 0x00000000e2c00000| Untracked 
|  45|0x00000000e2d00000, 0x00000000e2e00000, 0x00000000e2e00000|100%| O|  |TAMS 0x00000000e2d00000, 0x00000000e2d00000| Untracked 
|  46|0x00000000e2e00000, 0x00000000e2f00000, 0x00000000e2f00000|100%| O|  |TAMS 0x00000000e2e00000, 0x00000000e2e00000| Untracked 
|  47|0x00000000e2f00000, 0x00000000e3000000, 0x00000000e3000000|100%| O|  |TAMS 0x00000000e2f00000, 0x00000000e2f00000| Untracked 
|  48|0x00000000e3000000, 0x00000000e301b000, 0x00000000e3100000| 10%| O|  |TAMS 0x00000000e3000000, 0x00000000e3000000| Untracked 
|  49|0x00000000e3100000, 0x00000000e3100000, 0x00000000e3200000|  0%| F|  |TAMS 0x00000000e3100000, 0x00000000e3100000| Untracked 
|  50|0x00000000e3200000, 0x00000000e3200000, 0x00000000e3300000|  0%| F|  |TAMS 0x00000000e3200000, 0x00000000e3200000| Untracked 
|  51|0x00000000e3300000, 0x00000000e3300000, 0x00000000e3400000|  0%| F|  |TAMS 0x00000000e3300000, 0x00000000e3300000| Untracked 
|  52|0x00000000e3400000, 0x00000000e3400000, 0x00000000e3500000|  0%| F|  |TAMS 0x00000000e3400000, 0x00000000e3400000| Untracked 
|  53|0x00000000e3500000, 0x00000000e3500000, 0x00000000e3600000|  0%| F|  |TAMS 0x00000000e3500000, 0x00000000e3500000| Untracked 
|  54|0x00000000e3600000, 0x00000000e3600000, 0x00000000e3700000|  0%| F|  |TAMS 0x00000000e3600000, 0x00000000e3600000| Untracked 
|  55|0x00000000e3700000, 0x00000000e3700000, 0x00000000e3800000|  0%| F|  |TAMS 0x00000000e3700000, 0x00000000e3700000| Untracked 
|  56|0x00000000e3800000, 0x00000000e3800000, 0x00000000e3900000|  0%| F|  |TAMS 0x00000000e3800000, 0x00000000e3800000| Untracked 
|  57|0x00000000e3900000, 0x00000000e3900000, 0x00000000e3a00000|  0%| F|  |TAMS 0x00000000e3900000, 0x00000000e3900000| Untracked 
|  58|0x00000000e3a00000, 0x00000000e3a00000, 0x00000000e3b00000|  0%| F|  |TAMS 0x00000000e3a00000, 0x00000000e3a00000| Untracked 
|  59|0x00000000e3b00000, 0x00000000e3b00000, 0x00000000e3c00000|  0%| F|  |TAMS 0x00000000e3b00000, 0x00000000e3b00000| Untracked 
|  60|0x00000000e3c00000, 0x00000000e3c60f60, 0x00000000e3d00000| 37%| S|CS|TAMS 0x00000000e3c00000, 0x00000000e3c00000| Complete 
|  61|0x00000000e3d00000, 0x00000000e3e00000, 0x00000000e3e00000|100%| S|CS|TAMS 0x00000000e3d00000, 0x00000000e3d00000| Complete 
|  62|0x00000000e3e00000, 0x00000000e3e00000, 0x00000000e3f00000|  0%| F|  |TAMS 0x00000000e3e00000, 0x00000000e3e00000| Untracked 
|  63|0x00000000e3f00000, 0x00000000e3f00000, 0x00000000e4000000|  0%| F|  |TAMS 0x00000000e3f00000, 0x00000000e3f00000| Untracked 
|  64|0x00000000e4000000, 0x00000000e4000000, 0x00000000e4100000|  0%| F|  |TAMS 0x00000000e4000000, 0x00000000e4000000| Untracked 
|  65|0x00000000e4100000, 0x00000000e4100000, 0x00000000e4200000|  0%| F|  |TAMS 0x00000000e4100000, 0x00000000e4100000| Untracked 
|  66|0x00000000e4200000, 0x00000000e4200000, 0x00000000e4300000|  0%| F|  |TAMS 0x00000000e4200000, 0x00000000e4200000| Untracked 
|  67|0x00000000e4300000, 0x00000000e4300000, 0x00000000e4400000|  0%| F|  |TAMS 0x00000000e4300000, 0x00000000e4300000| Untracked 
|  68|0x00000000e4400000, 0x00000000e4400000, 0x00000000e4500000|  0%| F|  |TAMS 0x00000000e4400000, 0x00000000e4400000| Untracked 
|  69|0x00000000e4500000, 0x00000000e4500000, 0x00000000e4600000|  0%| F|  |TAMS 0x00000000e4500000, 0x00000000e4500000| Untracked 
|  70|0x00000000e4600000, 0x00000000e4600000, 0x00000000e4700000|  0%| F|  |TAMS 0x00000000e4600000, 0x00000000e4600000| Untracked 
|  71|0x00000000e4700000, 0x00000000e4700000, 0x00000000e4800000|  0%| F|  |TAMS 0x00000000e4700000, 0x00000000e4700000| Untracked 
|  72|0x00000000e4800000, 0x00000000e4800000, 0x00000000e4900000|  0%| F|  |TAMS 0x00000000e4800000, 0x00000000e4800000| Untracked 
|  73|0x00000000e4900000, 0x00000000e4900000, 0x00000000e4a00000|  0%| F|  |TAMS 0x00000000e4900000, 0x00000000e4900000| Untracked 
|  74|0x00000000e4a00000, 0x00000000e4a00000, 0x00000000e4b00000|  0%| F|  |TAMS 0x00000000e4a00000, 0x00000000e4a00000| Untracked 
|  75|0x00000000e4b00000, 0x00000000e4b00000, 0x00000000e4c00000|  0%| F|  |TAMS 0x00000000e4b00000, 0x00000000e4b00000| Untracked 
|  76|0x00000000e4c00000, 0x00000000e4cab5e0, 0x00000000e4d00000| 66%| E|  |TAMS 0x00000000e4c00000, 0x00000000e4c00000| Complete 
|  77|0x00000000e4d00000, 0x00000000e4e00000, 0x00000000e4e00000|100%| E|CS|TAMS 0x00000000e4d00000, 0x00000000e4d00000| Complete 
|  78|0x00000000e4e00000, 0x00000000e4f00000, 0x00000000e4f00000|100%| E|CS|TAMS 0x00000000e4e00000, 0x00000000e4e00000| Complete 
|  79|0x00000000e4f00000, 0x00000000e5000000, 0x00000000e5000000|100%| E|CS|TAMS 0x00000000e4f00000, 0x00000000e4f00000| Complete 
|  80|0x00000000e5000000, 0x00000000e5100000, 0x00000000e5100000|100%| E|CS|TAMS 0x00000000e5000000, 0x00000000e5000000| Complete 
|  81|0x00000000e5100000, 0x00000000e5200000, 0x00000000e5200000|100%| E|CS|TAMS 0x00000000e5100000, 0x00000000e5100000| Complete 
| 107|0x00000000e6b00000, 0x00000000e6c00000, 0x00000000e6c00000|100%| E|CS|TAMS 0x00000000e6b00000, 0x00000000e6b00000| Complete 
| 108|0x00000000e6c00000, 0x00000000e6d00000, 0x00000000e6d00000|100%| E|CS|TAMS 0x00000000e6c00000, 0x00000000e6c00000| Complete 
| 109|0x00000000e6d00000, 0x00000000e6e00000, 0x00000000e6e00000|100%| E|CS|TAMS 0x00000000e6d00000, 0x00000000e6d00000| Complete 
| 110|0x00000000e6e00000, 0x00000000e6f00000, 0x00000000e6f00000|100%| E|CS|TAMS 0x00000000e6e00000, 0x00000000e6e00000| Complete 
| 125|0x00000000e7d00000, 0x00000000e7e00000, 0x00000000e7e00000|100%| E|CS|TAMS 0x00000000e7d00000, 0x00000000e7d00000| Complete 

Card table byte_map: [0x0000028d59ad0000,0x0000028d59bd0000] _byte_map_base: 0x0000028d593d0000

Marking Bits (Prev, Next): (CMBitMap*) 0x0000028d42e3eb20, (CMBitMap*) 0x0000028d42e3eb60
 Prev Bits: [0x0000028d59cd0000, 0x0000028d5a4d0000)
 Next Bits: [0x0000028d5a4d0000, 0x0000028d5acd0000)

Polling page: 0x0000028d42580000

Metaspace:

Usage:
  Non-class:     87.11 MB used.
      Class:     14.32 MB used.
       Both:    101.43 MB used.

Virtual space:
  Non-class space:      128.00 MB reserved,      87.44 MB ( 68%) committed,  2 nodes.
      Class space:        1.00 GB reserved,      14.62 MB (  1%) committed,  1 nodes.
             Both:        1.12 GB reserved,     102.06 MB (  9%) committed. 

Chunk freelists:
   Non-Class:  7.94 MB
       Class:  1.33 MB
        Both:  9.27 MB

MaxMetaspaceSize: unlimited
CompressedClassSpaceSize: 1.00 GB
Initial GC threshold: 21.00 MB
Current GC threshold: 166.19 MB
CDS: on
MetaspaceReclaimPolicy: balanced
 - commit_granule_bytes: 65536.
 - commit_granule_words: 8192.
 - virtual_space_node_default_size: 8388608.
 - enlarge_chunks_in_place: 1.
 - new_chunks_are_fully_committed: 0.
 - uncommit_free_chunks: 1.
 - use_allocation_guard: 0.
 - handle_deallocations: 1.


Internal statistics:

num_allocs_failed_limit: 6.
num_arena_births: 1026.
num_arena_deaths: 0.
num_vsnodes_births: 3.
num_vsnodes_deaths: 0.
num_space_committed: 1633.
num_space_uncommitted: 0.
num_chunks_returned_to_freelist: 6.
num_chunks_taken_from_freelist: 4808.
num_chunk_merges: 6.
num_chunk_splits: 3578.
num_chunks_enlarged: 2891.
num_inconsistent_stats: 0.

CodeHeap 'non-profiled nmethods': size=120000Kb used=5707Kb max_used=5780Kb free=114293Kb
 bounds [0x0000028d52170000, 0x0000028d52740000, 0x0000028d596a0000]
CodeHeap 'profiled nmethods': size=120000Kb used=12742Kb max_used=12915Kb free=107257Kb
 bounds [0x0000028d4a6a0000, 0x0000028d4b340000, 0x0000028d51bd0000]
CodeHeap 'non-nmethods': size=5760Kb used=1394Kb max_used=1501Kb free=4365Kb
 bounds [0x0000028d51bd0000, 0x0000028d51e40000, 0x0000028d52170000]
 total_blobs=7613 nmethods=6867 adapters=658
 compilation: enabled
              stopped_count=0, restarted_count=0
 full_count=0

Compilation events (20 events):
Event: 17.601 Thread 0x0000028da631c3f0 nmethod 8104 0x0000028d525fd490 code [0x0000028d525fd620, 0x0000028d525fd878]
Event: 17.602 Thread 0x0000028da631c3f0 8105       4       java.net.URLStreamHandler::setURL (159 bytes)
Event: 17.605 Thread 0x0000028da631c3f0 nmethod 8105 0x0000028d525fcc10 code [0x0000028d525fcda0, 0x0000028d525fd0e8]
Event: 17.605 Thread 0x0000028da631c3f0 8106       4       sun.net.www.protocol.jar.Handler::parseContextSpec (150 bytes)
Event: 17.611 Thread 0x0000028da631c3f0 nmethod 8106 0x0000028d525fbf90 code [0x0000028d525fc140, 0x0000028d525fc7f8]
Event: 17.611 Thread 0x0000028da631c3f0 8107       4       sun.net.www.protocol.jar.Handler::canonicalizeString (72 bytes)
Event: 17.612 Thread 0x0000028da631c3f0 nmethod 8107 0x0000028d525fb790 code [0x0000028d525fb920, 0x0000028d525fbd08]
Event: 17.656 Thread 0x0000028d5d6bf9d0 8109       3       java.lang.invoke.InvokerBytecodeGenerator::resolveFrom (81 bytes)
Event: 17.656 Thread 0x0000028d5d6bf9d0 nmethod 8109 0x0000028d4b099810 code [0x0000028d4b0999e0, 0x0000028d4b099ca8]
Event: 17.662 Thread 0x0000028d5d6bf9d0 8110       3       java.util.concurrent.atomic.AtomicLong::getAndIncrement (12 bytes)
Event: 17.662 Thread 0x0000028d5d6bf9d0 nmethod 8110 0x0000028d4b099490 code [0x0000028d4b099620, 0x0000028d4b099738]
Event: 17.662 Thread 0x0000028d5d6bf9d0 8111       3       java.nio.charset.Charset::lookup (44 bytes)
Event: 17.662 Thread 0x0000028d5d6bf9d0 nmethod 8111 0x0000028d4b098c90 code [0x0000028d4b098e80, 0x0000028d4b0992e8]
Event: 17.664 Thread 0x0000028da631c3f0 8112   !   4       java.lang.reflect.Field::declaredAnnotations (82 bytes)
Event: 17.698 Thread 0x0000028d5d6be0b0 nmethod 8017 0x0000028d52715010 code [0x0000028d52715b00, 0x0000028d52722cc0]
Event: 17.718 Thread 0x0000028d5d6be0b0 8113       4       java.lang.Class::getMethod (59 bytes)
Event: 17.720 Thread 0x0000028da39b0ec0 nmethod 8013 0x0000028d52729a10 code [0x0000028d5272a460, 0x0000028d52737c18]
Event: 17.724 Thread 0x0000028da39b0ec0 8114   !   4       java.lang.String::<init> (845 bytes)
Event: 17.743 Thread 0x0000028d5d6be0b0 nmethod 8113 0x0000028d525f9590 code [0x0000028d525f9800, 0x0000028d525fa9f0]
Event: 17.754 Thread 0x0000028da39b0ec0 nmethod 8114 0x0000028d525f6390 code [0x0000028d525f6640, 0x0000028d525f8a08]

GC Heap History (20 events):
Event: 13.959 GC heap before
{Heap before GC invocations=30 (full 0):
 garbage-first heap   total 68608K, used 54931K [0x00000000e0000000, 0x0000000100000000)
  region size 1024K, 20 young (20480K), 3 survivors (3072K)
 Metaspace       used 79699K, committed 80256K, reserved 1179648K
  class space    used 11053K, committed 11328K, reserved 1048576K
}
Event: 13.963 GC heap after
{Heap after GC invocations=31 (full 0):
 garbage-first heap   total 68608K, used 39002K [0x00000000e0000000, 0x0000000100000000)
  region size 1024K, 3 young (3072K), 3 survivors (3072K)
 Metaspace       used 79699K, committed 80256K, reserved 1179648K
  class space    used 11053K, committed 11328K, reserved 1048576K
}
Event: 14.205 GC heap before
{Heap before GC invocations=31 (full 0):
 garbage-first heap   total 68608K, used 57434K [0x00000000e0000000, 0x0000000100000000)
  region size 1024K, 21 young (21504K), 3 survivors (3072K)
 Metaspace       used 80882K, committed 81472K, reserved 1179648K
  class space    used 11222K, committed 11520K, reserved 1048576K
}
Event: 14.209 GC heap after
{Heap after GC invocations=32 (full 0):
 garbage-first heap   total 68608K, used 40059K [0x00000000e0000000, 0x0000000100000000)
  region size 1024K, 3 young (3072K), 3 survivors (3072K)
 Metaspace       used 80882K, committed 81472K, reserved 1179648K
  class space    used 11222K, committed 11520K, reserved 1048576K
}
Event: 14.524 GC heap before
{Heap before GC invocations=33 (full 0):
 garbage-first heap   total 70656K, used 57467K [0x00000000e0000000, 0x0000000100000000)
  region size 1024K, 20 young (20480K), 3 survivors (3072K)
 Metaspace       used 82802K, committed 83392K, reserved 1179648K
  class space    used 11633K, committed 11904K, reserved 1048576K
}
Event: 14.527 GC heap after
{Heap after GC invocations=34 (full 0):
 garbage-first heap   total 70656K, used 41232K [0x00000000e0000000, 0x0000000100000000)
  region size 1024K, 3 young (3072K), 3 survivors (3072K)
 Metaspace       used 82802K, committed 83392K, reserved 1179648K
  class space    used 11633K, committed 11904K, reserved 1048576K
}
Event: 14.770 GC heap before
{Heap before GC invocations=34 (full 0):
 garbage-first heap   total 70656K, used 57616K [0x00000000e0000000, 0x0000000100000000)
  region size 1024K, 20 young (20480K), 3 survivors (3072K)
 Metaspace       used 84610K, committed 85184K, reserved 1179648K
  class space    used 12017K, committed 12288K, reserved 1048576K
}
Event: 14.773 GC heap after
{Heap after GC invocations=35 (full 0):
 garbage-first heap   total 70656K, used 42283K [0x00000000e0000000, 0x0000000100000000)
  region size 1024K, 3 young (3072K), 3 survivors (3072K)
 Metaspace       used 84610K, committed 85184K, reserved 1179648K
  class space    used 12017K, committed 12288K, reserved 1048576K
}
Event: 14.842 GC heap before
{Heap before GC invocations=36 (full 0):
 garbage-first heap   total 86016K, used 57643K [0x00000000e0000000, 0x0000000100000000)
  region size 1024K, 18 young (18432K), 3 survivors (3072K)
 Metaspace       used 84616K, committed 85184K, reserved 1179648K
  class space    used 12017K, committed 12288K, reserved 1048576K
}
Event: 14.844 GC heap after
{Heap after GC invocations=37 (full 0):
 garbage-first heap   total 86016K, used 42500K [0x00000000e0000000, 0x0000000100000000)
  region size 1024K, 2 young (2048K), 2 survivors (2048K)
 Metaspace       used 84616K, committed 85184K, reserved 1179648K
  class space    used 12017K, committed 12288K, reserved 1048576K
}
Event: 15.196 GC heap before
{Heap before GC invocations=37 (full 0):
 garbage-first heap   total 86016K, used 71172K [0x00000000e0000000, 0x0000000100000000)
  region size 1024K, 30 young (30720K), 2 survivors (2048K)
 Metaspace       used 86645K, committed 87296K, reserved 1179648K
  class space    used 12257K, committed 12544K, reserved 1048576K
}
Event: 15.199 GC heap after
{Heap after GC invocations=38 (full 0):
 garbage-first heap   total 86016K, used 43389K [0x00000000e0000000, 0x0000000100000000)
  region size 1024K, 3 young (3072K), 3 survivors (3072K)
 Metaspace       used 86645K, committed 87296K, reserved 1179648K
  class space    used 12257K, committed 12544K, reserved 1048576K
}
Event: 15.757 GC heap before
{Heap before GC invocations=39 (full 0):
 garbage-first heap   total 86016K, used 71037K [0x00000000e0000000, 0x0000000100000000)
  region size 1024K, 30 young (30720K), 3 survivors (3072K)
 Metaspace       used 89132K, committed 89792K, reserved 1179648K
  class space    used 12607K, committed 12928K, reserved 1048576K
}
Event: 15.760 GC heap after
{Heap after GC invocations=40 (full 0):
 garbage-first heap   total 86016K, used 45176K [0x00000000e0000000, 0x0000000100000000)
  region size 1024K, 3 young (3072K), 3 survivors (3072K)
 Metaspace       used 89132K, committed 89792K, reserved 1179648K
  class space    used 12607K, committed 12928K, reserved 1048576K
}
Event: 16.273 GC heap before
{Heap before GC invocations=40 (full 0):
 garbage-first heap   total 86016K, used 71800K [0x00000000e0000000, 0x0000000100000000)
  region size 1024K, 29 young (29696K), 3 survivors (3072K)
 Metaspace       used 91476K, committed 92096K, reserved 1179648K
  class space    used 12967K, committed 13248K, reserved 1048576K
}
Event: 16.276 GC heap after
{Heap after GC invocations=41 (full 0):
 garbage-first heap   total 86016K, used 47091K [0x00000000e0000000, 0x0000000100000000)
  region size 1024K, 4 young (4096K), 4 survivors (4096K)
 Metaspace       used 91476K, committed 92096K, reserved 1179648K
  class space    used 12967K, committed 13248K, reserved 1048576K
}
Event: 16.800 GC heap before
{Heap before GC invocations=42 (full 0):
 garbage-first heap   total 86016K, used 70643K [0x00000000e0000000, 0x0000000100000000)
  region size 1024K, 28 young (28672K), 4 survivors (4096K)
 Metaspace       used 96110K, committed 96832K, reserved 1179648K
  class space    used 13519K, committed 13888K, reserved 1048576K
}
Event: 16.806 GC heap after
{Heap after GC invocations=43 (full 0):
 garbage-first heap   total 86016K, used 49127K [0x00000000e0000000, 0x0000000100000000)
  region size 1024K, 4 young (4096K), 4 survivors (4096K)
 Metaspace       used 96110K, committed 96832K, reserved 1179648K
  class space    used 13519K, committed 13888K, reserved 1048576K
}
Event: 17.427 GC heap before
{Heap before GC invocations=43 (full 0):
 garbage-first heap   total 86016K, used 70631K [0x00000000e0000000, 0x0000000100000000)
  region size 1024K, 26 young (26624K), 4 survivors (4096K)
 Metaspace       used 101283K, committed 101888K, reserved 1179648K
  class space    used 14212K, committed 14528K, reserved 1048576K
}
Event: 17.432 GC heap after
{Heap after GC invocations=44 (full 0):
 garbage-first heap   total 86016K, used 50671K [0x00000000e0000000, 0x0000000100000000)
  region size 1024K, 2 young (2048K), 2 survivors (2048K)
 Metaspace       used 101283K, committed 101888K, reserved 1179648K
  class space    used 14212K, committed 14528K, reserved 1048576K
}

Deoptimization events (20 events):
Event: 17.667 Thread 0x0000028d42e0e7d0 Uncommon trap: trap_request=0xffffffde fr.pc=0x0000028d521ba00c relative=0x0000000000000bcc
Event: 17.667 Thread 0x0000028d42e0e7d0 Uncommon trap: reason=class_check action=maybe_recompile pc=0x0000028d521ba00c method=org.springframework.core.annotation.AnnotationsScanner.isWithoutHierarchy(Ljava/lang/reflect/AnnotatedElement;Ljava/util/function/Predicate;)Z @ 45 c2
Event: 17.667 Thread 0x0000028d42e0e7d0 DEOPT PACKING pc=0x0000028d521ba00c sp=0x000000d4f80fc1a0
Event: 17.667 Thread 0x0000028d42e0e7d0 DEOPT UNPACKING pc=0x0000028d51c223a3 sp=0x000000d4f80fc168 mode 2
Event: 17.667 Thread 0x0000028d42e0e7d0 Uncommon trap: trap_request=0xffffffde fr.pc=0x0000028d52397dac relative=0x000000000000104c
Event: 17.667 Thread 0x0000028d42e0e7d0 Uncommon trap: reason=class_check action=maybe_recompile pc=0x0000028d52397dac method=org.springframework.core.annotation.AnnotationsScanner.processClassHierarchy(Ljava/lang/Object;[ILjava/lang/Class;Lorg/springframework/core/annotation/AnnotationsProcess
Event: 17.668 Thread 0x0000028d42e0e7d0 DEOPT PACKING pc=0x0000028d52397dac sp=0x000000d4f80fbfb0
Event: 17.668 Thread 0x0000028d42e0e7d0 DEOPT UNPACKING pc=0x0000028d51c223a3 sp=0x000000d4f80fbed0 mode 2
Event: 17.668 Thread 0x0000028d42e0e7d0 Uncommon trap: trap_request=0xffffffc6 fr.pc=0x0000028d52660ca4 relative=0x00000000000009a4
Event: 17.668 Thread 0x0000028d42e0e7d0 Uncommon trap: reason=bimorphic_or_optimized_type_check action=maybe_recompile pc=0x0000028d52660ca4 method=org.springframework.core.annotation.AnnotationsScanner.processMethodInheritedAnnotations(Ljava/lang/Object;Ljava/lang/reflect/Method;Lorg/springfra
Event: 17.668 Thread 0x0000028d42e0e7d0 DEOPT PACKING pc=0x0000028d52660ca4 sp=0x000000d4f80fc030
Event: 17.668 Thread 0x0000028d42e0e7d0 DEOPT UNPACKING pc=0x0000028d51c223a3 sp=0x000000d4f80fc038 mode 2
Event: 17.724 Thread 0x0000028d42e0e7d0 Uncommon trap: trap_request=0xffffffde fr.pc=0x0000028d52260cdc relative=0x000000000000165c
Event: 17.724 Thread 0x0000028d42e0e7d0 Uncommon trap: reason=class_check action=maybe_recompile pc=0x0000028d52260cdc method=java.util.zip.InflaterInputStream.read([BII)I @ 100 c2
Event: 17.724 Thread 0x0000028d42e0e7d0 DEOPT PACKING pc=0x0000028d52260cdc sp=0x000000d4f80f8be0
Event: 17.724 Thread 0x0000028d42e0e7d0 DEOPT UNPACKING pc=0x0000028d51c223a3 sp=0x000000d4f80f8c30 mode 2
Event: 17.724 Thread 0x0000028d42e0e7d0 Uncommon trap: trap_request=0xffffffde fr.pc=0x0000028d52260cdc relative=0x000000000000165c
Event: 17.724 Thread 0x0000028d42e0e7d0 Uncommon trap: reason=class_check action=maybe_recompile pc=0x0000028d52260cdc method=java.util.zip.InflaterInputStream.read([BII)I @ 100 c2
Event: 17.724 Thread 0x0000028d42e0e7d0 DEOPT PACKING pc=0x0000028d52260cdc sp=0x000000d4f80f8be0
Event: 17.724 Thread 0x0000028d42e0e7d0 DEOPT UNPACKING pc=0x0000028d51c223a3 sp=0x000000d4f80f8c30 mode 2

Classes unloaded (0 events):
No events

Classes redefined (0 events):
No events

Internal exceptions (20 events):
Event: 16.407 Thread 0x0000028d42e0e7d0 Exception <a 'java/lang/IncompatibleClassChangeError'{0x00000000e4e36f18}: Found class java.lang.Object, but interface was expected> (0x00000000e4e36f18) 
thrown [s\open\src\hotspot\share\interpreter\linkResolver.cpp, line 826]
Event: 16.420 Thread 0x0000028d42e0e7d0 Implicit null exception at 0x0000028d523cca14 to 0x0000028d523cca8c
Event: 16.457 Thread 0x0000028d42e0e7d0 Exception <a 'java/lang/NoSuchMethodError'{0x00000000e4ccea28}: 'java.lang.Object java.lang.invoke.DirectMethodHandle$Holder.invokeSpecial(java.lang.Object, java.lang.Object, java.lang.Object, java.lang.Object, java.lang.Object, java.lang.Object, java.lang.Object, java.lang.Object, java.lang.Object, java.lang.Object, java.lang.Object)'> (0x00000000e4ccea28) 
thrown [s\open\src\hotspot\share\interpreter\linkResolver.cpp, line 759]
Event: 16.458 Thread 0x0000028d42e0e7d0 Exception <a 'java/lang/NoSuchMethodError'{0x00000000e4cd3360}: 'java.lang.Object java.lang.invoke.Invokers$Holder.invoke_MT(java.lang.Object, java.lang.Object, java.lang.Object, java.lang.Object, java.lang.Object, java.lang.Object, java.lang.Object, java.lang.Object, java.lang.Object, java.lang.Object, java.lang.Object)'> (0x00000000e4cd3360) 
thrown [s\open\src\hotspot\share\interpreter\linkResolver.cpp, line 759]
Event: 16.534 Thread 0x0000028d42e0e7d0 Exception <a 'java/lang/IncompatibleClassChangeError'{0x00000000e48c9b58}: Found class java.lang.Object, but interface was expected> (0x00000000e48c9b58) 
thrown [s\open\src\hotspot\share\interpreter\linkResolver.cpp, line 826]
Event: 16.541 Thread 0x0000028d42e0e7d0 Exception <a 'java/lang/NoSuchMethodError'{0x00000000e48ec1e0}: 'java.lang.Object java.lang.invoke.DirectMethodHandle$Holder.invokeStaticInit(java.lang.Object, java.lang.Object, int)'> (0x00000000e48ec1e0) 
thrown [s\open\src\hotspot\share\interpreter\linkResolver.cpp, line 759]
Event: 16.705 Thread 0x0000028d42e0e7d0 Exception <a 'java/lang/NoSuchMethodError'{0x00000000e41aff50}: 'java.lang.Object java.lang.invoke.DirectMethodHandle$Holder.newInvokeSpecial(java.lang.Object, java.lang.Object, int, java.lang.Object, java.lang.Object)'> (0x00000000e41aff50) 
thrown [s\open\src\hotspot\share\interpreter\linkResolver.cpp, line 759]
Event: 16.907 Thread 0x0000028da4bc0a50 Exception <a 'java/lang/NoSuchMethodError'{0x00000000e6cb3a30}: 'void java.lang.invoke.DirectMethodHandle$Holder.invokeStatic(java.lang.Object, java.lang.Object, int)'> (0x00000000e6cb3a30) 
thrown [s\open\src\hotspot\share\interpreter\linkResolver.cpp, line 759]
Event: 16.912 Thread 0x0000028da9642430 Exception <a 'java/lang/NoSuchMethodError'{0x00000000e6b2e658}: 'java.lang.Object java.lang.invoke.DirectMethodHandle$Holder.invokeStaticInit(java.lang.Object, java.lang.Object, java.lang.Object, int, int)'> (0x00000000e6b2e658) 
thrown [s\open\src\hotspot\share\interpreter\linkResolver.cpp, line 759]
Event: 16.949 Thread 0x0000028da4bc6f90 Exception <a 'java/lang/NoSuchMethodError'{0x00000000e4dede40}: 'java.lang.Object java.lang.invoke.DirectMethodHandle$Holder.invokeSpecial(java.lang.Object, java.lang.Object, java.lang.Object, java.lang.Object, java.lang.Object, long)'> (0x00000000e4dede40) 
thrown [s\open\src\hotspot\share\interpreter\linkResolver.cpp, line 759]
Event: 16.949 Thread 0x0000028da4bc6f90 Exception <a 'java/lang/NoSuchMethodError'{0x00000000e4df1838}: 'java.lang.Object java.lang.invoke.Invokers$Holder.linkToTargetMethod(java.lang.Object, java.lang.Object, java.lang.Object, long, java.lang.Object)'> (0x00000000e4df1838) 
thrown [s\open\src\hotspot\share\interpreter\linkResolver.cpp, line 759]
Event: 17.205 Thread 0x0000028da4bc6f90 Exception <a 'java/lang/NoSuchMethodError'{0x00000000e446f7e8}: 'void java.lang.invoke.DirectMethodHandle$Holder.invokeSpecialIFC(java.lang.Object, java.lang.Object, int, java.lang.Object, java.lang.Object, java.lang.Object, java.lang.Object)'> (0x00000000e446f7e8) 
thrown [s\open\src\hotspot\share\interpreter\linkResolver.cpp, line 759]
Event: 17.422 Thread 0x0000028da4bc6f90 Exception <a 'java/lang/NoSuchMethodError'{0x00000000e3eddc20}: 'int java.lang.invoke.DirectMethodHandle$Holder.invokeStatic(java.lang.Object, java.lang.Object, int, int)'> (0x00000000e3eddc20) 
thrown [s\open\src\hotspot\share\interpreter\linkResolver.cpp, line 759]
Event: 17.549 Thread 0x0000028da9641f20 Exception <a 'java/lang/NoSuchMethodError'{0x00000000e6c6d290}: 'java.lang.Object java.lang.invoke.DirectMethodHandle$Holder.newInvokeSpecial(java.lang.Object, java.lang.Object, long, java.lang.Object, java.lang.Object, java.lang.Object)'> (0x00000000e6c6d290) 
thrown [s\open\src\hotspot\share\interpreter\linkResolver.cpp, line 759]
Event: 17.549 Thread 0x0000028da9641f20 Exception <a 'java/lang/NoSuchMethodError'{0x00000000e6c75050}: 'java.lang.Object java.lang.invoke.Invokers$Holder.linkToTargetMethod(java.lang.Object, long, java.lang.Object, java.lang.Object, java.lang.Object, java.lang.Object)'> (0x00000000e6c75050) 
thrown [s\open\src\hotspot\share\interpreter\linkResolver.cpp, line 759]
Event: 17.651 Thread 0x0000028d42e0e7d0 Exception <a 'java/lang/IncompatibleClassChangeError'{0x00000000e4e14c68}: Found class java.lang.Object, but interface was expected> (0x00000000e4e14c68) 
thrown [s\open\src\hotspot\share\interpreter\linkResolver.cpp, line 826]
Event: 17.656 Thread 0x0000028d42e0e7d0 Exception <a 'java/lang/NoSuchMethodError'{0x00000000e4e5bfe0}: 'java.lang.Object java.lang.invoke.DirectMethodHandle$Holder.invokeInterface(java.lang.Object, java.lang.Object, java.lang.Object, java.lang.Object, java.lang.Object)'> (0x00000000e4e5bfe0) 
thrown [s\open\src\hotspot\share\interpreter\linkResolver.cpp, line 759]
Event: 17.656 Thread 0x0000028d42e0e7d0 Exception <a 'java/lang/IncompatibleClassChangeError'{0x00000000e4e5fd90}: Found class java.lang.Object, but interface was expected> (0x00000000e4e5fd90) 
thrown [s\open\src\hotspot\share\interpreter\linkResolver.cpp, line 826]
Event: 17.712 Thread 0x0000028d42e0e7d0 Exception <a 'java/lang/reflect/InvocationTargetException'{0x00000000e4ddee50}> (0x00000000e4ddee50) 
thrown [s\open\src\hotspot\share\runtime\reflection.cpp, line 1121]
Event: 17.718 Thread 0x0000028d42e0e7d0 Exception <a 'java/lang/reflect/InvocationTargetException'{0x00000000e4c38058}> (0x00000000e4c38058) 
thrown [s\open\src\hotspot\share\runtime\reflection.cpp, line 1121]

VM Operations (20 events):
Event: 16.800 Executing VM operation: G1CollectForAllocation
Event: 16.806 Executing VM operation: G1CollectForAllocation done
Event: 16.973 Executing VM operation: HandshakeAllThreads
Event: 16.973 Executing VM operation: HandshakeAllThreads done
Event: 16.982 Executing VM operation: HandshakeAllThreads
Event: 16.982 Executing VM operation: HandshakeAllThreads done
Event: 17.072 Executing VM operation: HandshakeAllThreads
Event: 17.072 Executing VM operation: HandshakeAllThreads done
Event: 17.370 Executing VM operation: HandshakeAllThreads
Event: 17.370 Executing VM operation: HandshakeAllThreads done
Event: 17.427 Executing VM operation: G1CollectForAllocation
Event: 17.432 Executing VM operation: G1CollectForAllocation done
Event: 17.467 Executing VM operation: G1Concurrent
Event: 17.474 Executing VM operation: G1Concurrent done
Event: 17.488 Executing VM operation: G1Concurrent
Event: 17.489 Executing VM operation: G1Concurrent done
Event: 17.526 Executing VM operation: HandshakeAllThreads
Event: 17.527 Executing VM operation: HandshakeAllThreads done
Event: 17.538 Executing VM operation: HandshakeAllThreads
Event: 17.538 Executing VM operation: HandshakeAllThreads done

Events (20 events):
Event: 17.547 loading class java/util/stream/Sink$OfLong
Event: 17.547 loading class java/util/stream/Sink$OfLong done
Event: 17.548 loading class java/util/stream/FindOps$FindSink$OfLong done
Event: 17.548 loading class java/util/stream/ReferencePipeline$5$1
Event: 17.548 loading class java/util/stream/ReferencePipeline$5$1 done
Event: 17.552 loading class java/util/concurrent/CompletableFuture$MinimalStage
Event: 17.553 loading class java/util/concurrent/CompletableFuture$MinimalStage done
Event: 17.560 Thread 0x0000028da9643870 Thread added: 0x0000028da9643870
Event: 17.570 loading class java/io/OutputStream$1
Event: 17.570 loading class java/io/OutputStream$1 done
Event: 17.711 loading class java/lang/instrument/Instrumentation
Event: 17.711 loading class java/lang/instrument/Instrumentation done
Event: 17.715 loading class java/lang/ProcessHandle$Info
Event: 17.715 loading class java/lang/ProcessHandle$Info done
Event: 17.723 loading class java/util/jar/JarInputStream
Event: 17.723 loading class java/util/zip/ZipInputStream
Event: 17.724 loading class java/util/zip/ZipInputStream done
Event: 17.724 loading class java/util/jar/JarInputStream done
Event: 17.724 loading class sun/security/util/ManifestEntryVerifier
Event: 17.724 loading class sun/security/util/ManifestEntryVerifier done


Dynamic libraries:
0x00007ff6ff630000 - 0x00007ff6ff640000 	C:\Program Files\Java\jdk-17\bin\java.exe
0x00007ffc4d700000 - 0x00007ffc4d966000 	C:\WINDOWS\SYSTEM32\ntdll.dll
0x00007ffc4c2e0000 - 0x00007ffc4c3a9000 	C:\WINDOWS\System32\KERNEL32.DLL
0x00007ffc4a890000 - 0x00007ffc4ac5c000 	C:\WINDOWS\System32\KERNELBASE.dll
0x00007ffc4b220000 - 0x00007ffc4b36b000 	C:\WINDOWS\System32\ucrtbase.dll
0x00007ffc4a030000 - 0x00007ffc4a049000 	C:\Program Files\Java\jdk-17\bin\jli.dll
0x00007ffc43640000 - 0x00007ffc4365b000 	C:\Program Files\Java\jdk-17\bin\VCRUNTIME140.dll
0x00007ffc4c920000 - 0x00007ffc4c9d2000 	C:\WINDOWS\System32\ADVAPI32.dll
0x00007ffc4c6a0000 - 0x00007ffc4c749000 	C:\WINDOWS\System32\msvcrt.dll
0x00007ffc4c010000 - 0x00007ffc4c0b6000 	C:\WINDOWS\System32\sechost.dll
0x00007ffc4bee0000 - 0x00007ffc4bff6000 	C:\WINDOWS\System32\RPCRT4.dll
0x00007ffc4c750000 - 0x00007ffc4c91a000 	C:\WINDOWS\System32\USER32.dll
0x00007ffc4ad00000 - 0x00007ffc4ad27000 	C:\WINDOWS\System32\win32u.dll
0x00007ffc49a00000 - 0x00007ffc49c9a000 	C:\WINDOWS\WinSxS\amd64_microsoft.windows.common-controls_6595b64144ccf1df_6.0.26100.3912_none_3e07963ce335137e\COMCTL32.dll
0x00007ffc4ca60000 - 0x00007ffc4ca8b000 	C:\WINDOWS\System32\GDI32.dll
0x00007ffc4b0e0000 - 0x00007ffc4b212000 	C:\WINDOWS\System32\gdi32full.dll
0x00007ffc4ad30000 - 0x00007ffc4add3000 	C:\WINDOWS\System32\msvcp_win.dll
0x00007ffc3f4d0000 - 0x00007ffc3f4db000 	C:\WINDOWS\SYSTEM32\VERSION.dll
0x00007ffc4c270000 - 0x00007ffc4c2a0000 	C:\WINDOWS\System32\IMM32.DLL
0x00007ffc4a020000 - 0x00007ffc4a02c000 	C:\Program Files\Java\jdk-17\bin\vcruntime140_1.dll
0x00007ffbfef60000 - 0x00007ffbfefee000 	C:\Program Files\Java\jdk-17\bin\msvcp140.dll
0x00007ffbee0d0000 - 0x00007ffbeecb1000 	C:\Program Files\Java\jdk-17\bin\server\jvm.dll
0x00007ffc4b4c0000 - 0x00007ffc4b4c8000 	C:\WINDOWS\System32\PSAPI.DLL
0x00007ffc37dc0000 - 0x00007ffc37df6000 	C:\WINDOWS\SYSTEM32\WINMM.dll
0x00007ffc29740000 - 0x00007ffc2974a000 	C:\WINDOWS\SYSTEM32\WSOCK32.dll
0x00007ffc4bc50000 - 0x00007ffc4bcc4000 	C:\WINDOWS\System32\WS2_32.dll
0x00007ffc48ce0000 - 0x00007ffc48cfa000 	C:\WINDOWS\SYSTEM32\kernel.appcore.dll
0x00007ffc44470000 - 0x00007ffc4447a000 	C:\Program Files\Java\jdk-17\bin\jimage.dll
0x00007ffc4a140000 - 0x00007ffc4a381000 	C:\WINDOWS\SYSTEM32\DBGHELP.DLL
0x00007ffc4cb90000 - 0x00007ffc4cf14000 	C:\WINDOWS\System32\combase.dll
0x00007ffc4c520000 - 0x00007ffc4c600000 	C:\WINDOWS\System32\OLEAUT32.dll
0x00007ffc49fc0000 - 0x00007ffc49ff9000 	C:\WINDOWS\SYSTEM32\dbgcore.DLL
0x00007ffc4ac60000 - 0x00007ffc4acf9000 	C:\WINDOWS\System32\bcryptPrimitives.dll
0x00007ffc2e580000 - 0x00007ffc2e5a5000 	C:\Program Files\Java\jdk-17\bin\java.dll
0x00007ffbfee80000 - 0x00007ffbfef57000 	C:\Program Files\Java\jdk-17\bin\jsvml.dll
0x00007ffc4cf20000 - 0x00007ffc4d64d000 	C:\WINDOWS\System32\SHELL32.dll
0x00007ffc4af60000 - 0x00007ffc4b0d4000 	C:\WINDOWS\System32\wintypes.dll
0x00007ffc47a60000 - 0x00007ffc482b6000 	C:\WINDOWS\SYSTEM32\windows.storage.dll
0x00007ffc4ca90000 - 0x00007ffc4cb7f000 	C:\WINDOWS\System32\SHCORE.dll
0x00007ffc4d650000 - 0x00007ffc4d6b9000 	C:\WINDOWS\System32\shlwapi.dll
0x00007ffc4a7a0000 - 0x00007ffc4a7cf000 	C:\WINDOWS\SYSTEM32\profapi.dll
0x00007ffc29fe0000 - 0x00007ffc29ff9000 	C:\Program Files\Java\jdk-17\bin\net.dll
0x00007ffc41f20000 - 0x00007ffc4203e000 	C:\WINDOWS\SYSTEM32\WINHTTP.dll
0x00007ffc49260000 - 0x00007ffc492ca000 	C:\WINDOWS\system32\mswsock.dll
0x00007ffc29fc0000 - 0x00007ffc29fd6000 	C:\Program Files\Java\jdk-17\bin\nio.dll
0x00007ffc2e400000 - 0x00007ffc2e418000 	C:\Program Files\Java\jdk-17\bin\zip.dll
0x00007ffc2ec20000 - 0x00007ffc2ec30000 	C:\Program Files\Java\jdk-17\bin\verify.dll
0x00007ffc2d520000 - 0x00007ffc2d52e000 	C:\Program Files\Java\jdk-17\bin\sunmscapi.dll
0x00007ffc4ade0000 - 0x00007ffc4af57000 	C:\WINDOWS\System32\CRYPT32.dll
0x00007ffc499c0000 - 0x00007ffc499f0000 	C:\WINDOWS\SYSTEM32\ncrypt.dll
0x00007ffc49970000 - 0x00007ffc499af000 	C:\WINDOWS\SYSTEM32\NTASN1.dll
0x00007ffc4a080000 - 0x00007ffc4a088000 	C:\WINDOWS\system32\wshunix.dll
0x00007ffc4a4b0000 - 0x00007ffc4a4cc000 	C:\WINDOWS\SYSTEM32\CRYPTSP.dll
0x00007ffc49700000 - 0x00007ffc4973a000 	C:\WINDOWS\system32\rsaenh.dll
0x00007ffc492d0000 - 0x00007ffc492fb000 	C:\WINDOWS\SYSTEM32\USERENV.dll
0x00007ffc4a770000 - 0x00007ffc4a796000 	C:\WINDOWS\SYSTEM32\bcrypt.dll
0x00007ffc496f0000 - 0x00007ffc496fc000 	C:\WINDOWS\SYSTEM32\CRYPTBASE.dll
0x00007ffc48740000 - 0x00007ffc48773000 	C:\WINDOWS\SYSTEM32\IPHLPAPI.DLL
0x00007ffc4c000000 - 0x00007ffc4c00a000 	C:\WINDOWS\System32\NSI.dll
0x00007ffc420a0000 - 0x00007ffc420bf000 	C:\WINDOWS\SYSTEM32\dhcpcsvc6.DLL
0x00007ffc41d70000 - 0x00007ffc41d95000 	C:\WINDOWS\SYSTEM32\dhcpcsvc.DLL
0x00007ffc487d0000 - 0x00007ffc488f7000 	C:\WINDOWS\SYSTEM32\DNSAPI.dll
0x00007ffc3f4e0000 - 0x00007ffc3f4eb000 	C:\Windows\System32\rasadhlp.dll
0x00007ffc40e90000 - 0x00007ffc40f16000 	C:\WINDOWS\System32\fwpuclnt.dll
0x00007ffc2e570000 - 0x00007ffc2e57a000 	C:\Program Files\Java\jdk-17\bin\management.dll
0x00007ffc2e3f0000 - 0x00007ffc2e3fb000 	C:\Program Files\Java\jdk-17\bin\management_ext.dll

dbghelp: loaded successfully - version: 4.0.5 - missing functions: none
symbol engine: initialized successfully - sym options: 0x614 - pdb path: .;C:\Program Files\Java\jdk-17\bin;C:\WINDOWS\SYSTEM32;C:\WINDOWS\WinSxS\amd64_microsoft.windows.common-controls_6595b64144ccf1df_6.0.26100.3912_none_3e07963ce335137e;C:\Program Files\Java\jdk-17\bin\server

VM Arguments:
jvm_args: -Dorg.gradle.internal.worker.tmpdir=C:\JavaLearning\learnProjects\task-track\build\tmp\test\work -Xmx512m -Dfile.encoding=UTF-8 -Duser.country=US -Duser.language=en -Duser.variant -ea 
java_command: worker.org.gradle.process.internal.worker.GradleWorkerMain 'Gradle Test Executor 3'
java_class_path (initial): C:\\Users\\artur\\.gradle\\caches\\8.13\\workerMain\\gradle-worker.jar;C:\\JavaLearning\\learnProjects\\task-track\\build\\classes\\java\\test;C:\\JavaLearning\\learnProjects\\task-track\\build\\resources\\test;C:\\JavaLearning\\learnProjects\\task-track\\build\\classes\\java\\main;C:\\JavaLearning\\learnProjects\\task-track\\build\\resources\\main;C:\\Users\\artur\\.gradle\\caches\\modules-2\\files-2.1\\org.springframework.boot\\spring-boot-starter-data-jpa\\3.4.5\\c6ef06dfef1b02f3e3f82d67118d3944672e7d49\\spring-boot-starter-data-jpa-3.4.5.jar;C:\\Users\\artur\\.gradle\\caches\\modules-2\\files-2.1\\org.springframework.boot\\spring-boot-starter-security\\3.4.5\\1893f9d40f28cc47a87a3478b02e1e45650bfe43\\spring-boot-starter-security-3.4.5.jar;C:\\Users\\artur\\.gradle\\caches\\modules-2\\files-2.1\\org.springdoc\\springdoc-openapi-starter-webmvc-ui\\2.8.8\\26c5d65001e0dac062d29f660b3206b13a757979\\springdoc-openapi-starter-webmvc-ui-2.8.8.jar;C:\\Users\\artur\\.gradle\\caches\\modules-2\\files-2.1\\org.springdoc\\springdoc-openapi-starter-webmvc-api\\2.8.8\\9a33d1f0a7490caf75d2eea70dae4d2bdd3f9faa\\springdoc-openapi-starter-webmvc-api-2.8.8.jar;C:\\Users\\artur\\.gradle\\caches\\modules-2\\files-2.1\\org.springdoc\\springdoc-openapi-starter-common\\2.8.8\\9e092aa612784906875ae6e2f928b6c32bf5f7e4\\springdoc-openapi-starter-common-2.8.8.jar;C:\\Users\\artur\\.gradle\\caches\\modules-2\\files-2.1\\org.springframework.boot\\spring-boot-starter-validation\\3.4.5\\ac75735317fbb71d00829559d1a0a21978989f0\\spring-boot-starter-validation-3.4.5.jar;C:\\Users\\artur\\.gradle\\caches\\modules-2\\files-2.1\\org.springframework.boot\\spring-boot-starter-web\\3.4.5\\54cb03e8615f0c10cd44b5b7d155af3d0be7d66a\\spring-boot-starter-web-3.4.5.jar;C:\\Users\\artur\\.gradle\\caches\\modules-2\\files-2.1\\io.jsonwebtoken\\jjwt-impl\\0.11.5\\40a599f0e8a8e4e0701596fbb15e67bfda64fdf0\\jjwt-impl-0.11.5.jar;C:\\Users\\artur\\.gradle\\caches\\modules-2\\files-2.1\\io
Launcher Type: SUN_STANDARD

[Global flags]
     intx CICompilerCount                          = 4                                         {product} {ergonomic}
     uint ConcGCThreads                            = 2                                         {product} {ergonomic}
     uint G1ConcRefinementThreads                  = 8                                         {product} {ergonomic}
   size_t G1HeapRegionSize                         = 1048576                                   {product} {ergonomic}
    uintx GCDrainStackTargetSize                   = 64                                        {product} {ergonomic}
   size_t InitialHeapSize                          = 132120576                                 {product} {ergonomic}
   size_t MarkStackSize                            = 4194304                                   {product} {ergonomic}
   size_t MaxHeapSize                              = 536870912                                 {product} {command line}
   size_t MaxNewSize                               = 321912832                                 {product} {ergonomic}
   size_t MinHeapDeltaBytes                        = 1048576                                   {product} {ergonomic}
   size_t MinHeapSize                              = 8388608                                   {product} {ergonomic}
    uintx NonNMethodCodeHeapSize                   = 5839372                                {pd product} {ergonomic}
    uintx NonProfiledCodeHeapSize                  = 122909434                              {pd product} {ergonomic}
    uintx ProfiledCodeHeapSize                     = 122909434                              {pd product} {ergonomic}
    uintx ReservedCodeCacheSize                    = 251658240                              {pd product} {ergonomic}
     bool SegmentedCodeCache                       = true                                      {product} {ergonomic}
   size_t SoftMaxHeapSize                          = 536870912                              {manageable} {ergonomic}
     bool UseCompressedClassPointers               = true                           {product lp64_product} {ergonomic}
     bool UseCompressedOops                        = true                           {product lp64_product} {ergonomic}
     bool UseG1GC                                  = true                                      {product} {ergonomic}
     bool UseLargePagesIndividualAllocation        = false                                  {pd product} {ergonomic}

Logging:
Log output configuration:
 #0: stdout all=warning uptime,level,tags
 #1: stderr all=off uptime,level,tags

Environment Variables:
JAVA_HOME=C:\Program Files\Java\jdk-17
PATH=C:\Program Files\Common Files\Oracle\Java\javapath;C:\Program Files (x86)\Common Files\Oracle\Java\java8path;C:\Program Files (x86)\Common Files\Oracle\Java\javapath;C:\ProgramData\Oracle\Java\javapath;C:\Windows\system32;C:\Windows;C:\Windows\System32\Wbem;C:\Windows\System32\WindowsPowerShell\v1.0\;C:\Windows\System32\OpenSSH\;C:\Program Files\NVIDIA Corporation\NVIDIA NvDLISR;C:\Program Files (x86)\NVIDIA Corporation\PhysX\Common;C:\Program Files\dotnet\;C:\Users\artur\AppData\Roaming\nvm;C:\Program Files\nodejs;C:\WINDOWS\system32;C:\WINDOWS;C:\WINDOWS\System32\Wbem;C:\WINDOWS\System32\WindowsPowerShell\v1.0\;C:\WINDOWS\System32\OpenSSH\;C:\Program Files\Git\cmd;C:\Program Files\Java\jdk-17bin;C:\Maven\apache-maven-3.9.9\bin;C:\Users\artur\bin;C:\Gradle\gradle-8.12.1\bin;;C:\Program Files\Docker\Docker\resources\bin;C:\Users\artur\AppData\Local\Programs\Python\Python313\Scripts\;C:\Users\artur\AppData\Local\Programs\Python\Python313\;C:\Users\artur\AppData\Local\Microsoft\WindowsApps;C:\Users\artur\AppData\Local\Programs\Microsoft VS Code\bin;C:\Users\artur\AppData\Local\gitkraken\bin;C:\Users\artur\AppData\Roaming\npm;C:\Users\artur\AppData\Local\GitHubDesktop\bin;C:\Users\artur\AppData\Roaming\nvm;C:\Program Files\nodejs;C:\Users\artur\AppData\Local\Microsoft\WindowsApps;;C:\Program Files\JetBrains\IntelliJ IDEA 2024.3.1.1\bin;
USERNAME=artur
OS=Windows_NT
PROCESSOR_IDENTIFIER=Intel64 Family 6 Model 165 Stepping 2, GenuineIntel



---------------  S Y S T E M  ---------------

OS:
 Windows 11 , 64 bit Build 26100 (10.0.26100.3912)
OS uptime: 0 days 0:16 hours
Hyper-V role detected

CPU: total 8 (initial active 8) (4 cores per cpu, 2 threads per core) family 6 model 165 stepping 2 microcode 0xe0, cx8, cmov, fxsr, ht, mmx, 3dnowpref, sse, sse2, sse3, ssse3, sse4.1, sse4.2, popcnt, lzcnt, tsc, tscinvbit, avx, avx2, aes, erms, clmul, bmi1, bmi2, adx, fma, vzeroupper, clflush, clflushopt, hv

Memory: 4k page, system-wide physical 8029M (481M free)
TotalPageFile size 26461M (AvailPageFile size 14355M)
current process WorkingSet (physical memory assigned to process): 373M, peak: 383M
current process commit charge ("private bytes"): 408M, peak: 419M

vm_info: Java HotSpot(TM) 64-Bit Server VM (17.0.9+11-LTS-201) for windows-amd64 JRE (17.0.9+11-LTS-201), built on Oct 10 2023 23:16:06 by "mach5one" with MS VC++ 17.1 (VS2022)

END.
